2026-05-12 [20:18:33] [Server thread/INFO]: 

		   PocketMine-iTX Genisys is a fork of PocketMine-MP, made by iTX Technologies LLC.
		   Version: 1.1dev-422
		   Target client Version: v0.14.x alpha
		   Latest source code is available at https://github.com/iTXTech/Genisys
		   Donate link: http://pl.zxda.net/plugins/203.html
		   如果你在免费使用本核心，希望你可以进入上面的链接捐赠给我们，这会成为我们前进的动力。
		

2026-05-12 [20:18:33] [Server thread/INFO]: Loading pocketmine.yml...
2026-05-12 [20:18:33] [Server thread/INFO]: Loading genisys.yml...
2026-05-12 [20:18:33] [Server thread/INFO]: Loading server properties...
2026-05-12 [20:18:33] [Server thread/INFO]: Selected English (eng) as the base language
2026-05-12 [20:18:33] [Server thread/INFO]: Starting Minecraft: PE server version v0.14.x alpha
2026-05-12 [20:18:33] [Server thread/INFO]: Opening server on 0.0.0.0:19132
2026-05-12 [20:18:33] [Server thread/INFO]: This server is running Genisys version 1.1dev-422 "Ikaros" (API 2.0.0)
2026-05-12 [20:18:33] [Server thread/INFO]: Genisys is distributed under the GPL License version 3 and later
2026-05-12 [20:18:34] [Server thread/NOTICE]: Level "world" not found
2026-05-12 [20:18:34] [Server thread/INFO]: Preparing level "world"
2026-05-12 [20:18:34] [Server thread/NOTICE]: Spawn terrain for level "world" is being generated in the background
2026-05-12 [20:18:34] [Server thread/NOTICE]: Level "nether" not found
2026-05-12 [20:18:34] [Server thread/INFO]: Preparing level "nether"
2026-05-12 [20:18:34] [Server thread/NOTICE]: Spawn terrain for level "nether" is being generated in the background
2026-05-12 [20:18:34] [Server thread/INFO]: Starting GS4 status listener
2026-05-12 [20:18:34] [Server thread/INFO]: Setting query port to 19132
2026-05-12 [20:18:34] [Server thread/INFO]: Query running on 0.0.0.0:19132
2026-05-12 [20:18:34] [Server thread/INFO]: Default game type: Survival Mode
2026-05-12 [20:18:34] [Server thread/INFO]: Done (10.061s)! For help, type "help" or "?"
2026-05-12 [20:18:37] [Server thread/INFO]: [CONSOLE: Stopping the server]
2026-05-12 [20:18:37] [Server thread/INFO]: Unloading level "world"
2026-05-12 [20:18:37] [Server thread/INFO]: Unloading level "nether"
2026-05-12 [20:18:38] [Server thread/INFO]: Stopping other threads
2026-05-12 [20:19:05] [Server thread/INFO]: 

		   PocketMine-iTX Genisys is a fork of PocketMine-MP, made by iTX Technologies LLC.
		   Version: 1.1dev-422
		   Target client Version: v0.14.x alpha
		   Latest source code is available at https://github.com/iTXTech/Genisys
		   Donate link: http://pl.zxda.net/plugins/203.html
		   如果你在免费使用本核心，希望你可以进入上面的链接捐赠给我们，这会成为我们前进的动力。
		

2026-05-12 [20:19:05] [Server thread/INFO]: Loading pocketmine.yml...
2026-05-12 [20:19:05] [Server thread/INFO]: Loading genisys.yml...
2026-05-12 [20:19:05] [Server thread/INFO]: Loading server properties...
2026-05-12 [20:19:05] [Server thread/INFO]: Selected English (eng) as the base language
2026-05-12 [20:19:05] [Server thread/INFO]: Starting Minecraft: PE server version v0.14.x alpha
2026-05-12 [20:19:05] [Server thread/INFO]: Opening server on 0.0.0.0:19132
2026-05-12 [20:19:05] [Server thread/INFO]: This server is running Genisys version 1.1dev-422 "Ikaros" (API 2.0.0)
2026-05-12 [20:19:05] [Server thread/INFO]: Genisys is distributed under the GPL License version 3 and later
2026-05-12 [20:19:05] [Server thread/INFO]: Preparing level "world"
2026-05-12 [20:19:05] [Server thread/INFO]: Preparing level "nether"
2026-05-12 [20:19:06] [Server thread/INFO]: Starting GS4 status listener
2026-05-12 [20:19:06] [Server thread/INFO]: Setting query port to 19132
2026-05-12 [20:19:06] [Server thread/INFO]: Query running on 0.0.0.0:19132
2026-05-12 [20:19:06] [Server thread/INFO]: Default game type: Survival Mode
2026-05-12 [20:19:06] [Server thread/INFO]: Done (0.548s)! For help, type "help" or "?"
2026-05-12 [20:19:11] [Server thread/NOTICE]: Player data not found for "notkopyo", creating new profile
2026-05-12 [20:19:11] [Server thread/INFO]: notKopyo[/192.168.1.2:19132] [ClientID: -4673328621409123800] logged in with entity id 1 at (world, 128, 77, 128)
2026-05-12 [20:19:16] [Server thread/INFO]: notKopyo joined the game
2026-05-12 [20:19:35] [Server thread/INFO]: notKopyo left the game
2026-05-12 [20:19:35] [Server thread/INFO]: notKopyo[/192.168.1.2:19132] logged out due to Server closed
2026-05-12 [20:19:35] [Server thread/INFO]: Unloading level "world"
2026-05-12 [20:19:35] [Server thread/INFO]: Unloading level "nether"
2026-05-12 [20:19:40] [Server thread/INFO]: Stopping other threads
2026-05-12 [20:37:09] [Server thread/INFO]: 

		   PocketMine-iTX Genisys is a fork of PocketMine-MP, made by iTX Technologies LLC.
		   Version: 1.1dev-422
		   Target client Version: v0.14.x alpha
		   Latest source code is available at https://github.com/iTXTech/Genisys
		   Donate link: http://pl.zxda.net/plugins/203.html
		   如果你在免费使用本核心，希望你可以进入上面的链接捐赠给我们，这会成为我们前进的动力。
		

2026-05-12 [20:37:09] [Server thread/INFO]: Loading pocketmine.yml...
2026-05-12 [20:37:09] [Server thread/INFO]: Loading genisys.yml...
2026-05-12 [20:37:09] [Server thread/INFO]: Loading server properties...
2026-05-12 [20:37:09] [Server thread/INFO]: Selected English (eng) as the base language
2026-05-12 [20:37:09] [Server thread/INFO]: Starting Minecraft: PE server version v0.14.x alpha
2026-05-12 [20:37:09] [Server thread/INFO]: Opening server on 0.0.0.0:19132
2026-05-12 [20:37:09] [Server thread/INFO]: This server is running Genisys version 1.1dev-422 "Ikaros" (API 2.0.0)
2026-05-12 [20:37:09] [Server thread/INFO]: Genisys is distributed under the GPL License version 3 and later
2026-05-12 [20:37:09] [Server thread/INFO]: Preparing level "world"
2026-05-12 [20:37:09] [Server thread/INFO]: Preparing level "nether"
2026-05-12 [20:37:09] [Server thread/INFO]: Starting GS4 status listener
2026-05-12 [20:37:09] [Server thread/INFO]: Setting query port to 19132
2026-05-12 [20:37:09] [Server thread/INFO]: Query running on 0.0.0.0:19132
2026-05-12 [20:37:09] [Server thread/INFO]: Default game type: Survival Mode
2026-05-12 [20:37:09] [Server thread/INFO]: Done (0.606s)! For help, type "help" or "?"
2026-05-12 [20:37:14] [Server thread/INFO]: notKopyo[/192.168.1.2:19132] [ClientID: -4673328621409123800] logged in with entity id 1 at (world, 125.6911, 78, 116.8391)
2026-05-12 [20:37:16] [Server thread/INFO]: notKopyo joined the game
2026-05-12 [20:37:46] [Server thread/INFO]: notKopyo left the game
2026-05-12 [20:37:46] [Server thread/INFO]: notKopyo[/192.168.1.2:19132] logged out due to Server closed
2026-05-12 [20:37:46] [Server thread/INFO]: Unloading level "world"
2026-05-12 [20:37:46] [Server thread/INFO]: Unloading level "nether"
2026-05-12 [20:37:49] [Server thread/INFO]: Stopping other threads
2026-05-12 [21:36:06] [Server thread/INFO]: 

		   PocketMine-iTX Genisys is a fork of PocketMine-MP, made by iTX Technologies LLC.
		   Version: 1.1dev-422
		   Target client Version: v0.14.x alpha
		   Latest source code is available at https://github.com/iTXTech/Genisys
		   Donate link: http://pl.zxda.net/plugins/203.html
		   如果你在免费使用本核心，希望你可以进入上面的链接捐赠给我们，这会成为我们前进的动力。
		

2026-05-12 [21:36:06] [Server thread/INFO]: Loading pocketmine.yml...
2026-05-12 [21:36:06] [Server thread/INFO]: Loading genisys.yml...
2026-05-12 [21:36:06] [Server thread/INFO]: Loading server properties...
2026-05-12 [21:36:06] [Server thread/INFO]: Selected English (eng) as the base language
2026-05-12 [21:36:06] [Server thread/INFO]: Starting Minecraft: PE server version v0.14.x alpha
2026-05-12 [21:36:06] [Server thread/INFO]: Opening server on 0.0.0.0:19132
2026-05-12 [21:36:06] [Server thread/INFO]: This server is running Genisys version 1.1dev-422 "Ikaros" (API 2.0.0)
2026-05-12 [21:36:06] [Server thread/INFO]: Genisys is distributed under the GPL License version 3 and later
2026-05-12 [21:36:06] [Server thread/INFO]: Preparing level "world"
2026-05-12 [21:36:06] [Server thread/INFO]: Preparing level "nether"
2026-05-12 [21:36:06] [Server thread/INFO]: Starting GS4 status listener
2026-05-12 [21:36:06] [Server thread/INFO]: Setting query port to 19132
2026-05-12 [21:36:06] [Server thread/INFO]: Query running on 0.0.0.0:19132
2026-05-12 [21:36:06] [Server thread/INFO]: Default game type: Survival Mode
2026-05-12 [21:36:06] [Server thread/INFO]: Done (0.606s)! For help, type "help" or "?"
2026-05-12 [21:36:11] [Server thread/INFO]: notKopyo[/192.168.1.2:19132] [ClientID: -4673328621409123800] logged in with entity id 1 at (world, 125.6911, 78, 116.8391)
2026-05-12 [21:36:13] [Server thread/INFO]: notKopyo joined the game
2026-05-12 [21:36:42] [Server thread/INFO]: [CONSOLE: Opped notKopyo]
2026-05-12 [21:36:44] [Server thread/INFO]: There are 1/20 players online:
2026-05-12 [21:36:44] [Server thread/INFO]: notKopyo
2026-05-12 [21:36:48] [Server thread/INFO]: --- Showing help page 1 of 1 (/help <page>) ---
2026-05-12 [21:36:48] [Server thread/INFO]: /ban: Prevents the specified player from using this server
2026-05-12 [21:36:48] [Server thread/INFO]: /ban-ip: Prevents the specified IP address from using this server
2026-05-12 [21:36:48] [Server thread/INFO]: /bancid: Prevents the specified CID from using this server
2026-05-12 [21:36:48] [Server thread/INFO]: /bancidbyname: Prevents the specified CID by name from using this server禁止指定玩家的設備 ID
2026-05-12 [21:36:48] [Server thread/INFO]: /banipbyname: Prevents the specified IP address by name from using this server
2026-05-12 [21:36:48] [Server thread/INFO]: /banlist: View all players banned from this server
2026-05-12 [21:36:48] [Server thread/INFO]: /biome: change the biome of the area.(To change snow or rain)
2026-05-12 [21:36:48] [Server thread/INFO]: /cave: Generate a cave
2026-05-12 [21:36:48] [Server thread/INFO]: /chunkinfo: Gets the information of a chunk or regenerate a chunk
2026-05-12 [21:36:48] [Server thread/INFO]: /defaultgamemode: Set the default gamemode
2026-05-12 [21:36:48] [Server thread/INFO]: /deop: Takes the specified player's operator status
2026-05-12 [21:36:48] [Server thread/INFO]: /difficulty: Sets the game difficulty
2026-05-12 [21:36:48] [Server thread/INFO]: /dumpmemory: Dumps the memory
2026-05-12 [21:36:48] [Server thread/INFO]: /effect: Adds/Removes effects on players
2026-05-12 [21:36:48] [Server thread/INFO]: /enchant: Adds enchantments on items
2026-05-12 [21:36:48] [Server thread/INFO]: /ep: Extracts the source code from a Phar plugin
2026-05-12 [21:36:48] [Server thread/INFO]: /extractphar: Extracts the source code from a Phar file
2026-05-12 [21:36:48] [Server thread/INFO]: /extractplugin: Extracts the source code from a Phar plugin
2026-05-12 [21:36:48] [Server thread/INFO]: /fill: fills a specific selection with blocks
2026-05-12 [21:36:48] [Server thread/INFO]: /gamemode: Changes the player to a specific game mode
2026-05-12 [21:36:48] [Server thread/INFO]: /gc: Fires garbage collection tasks
2026-05-12 [21:36:48] [Server thread/INFO]: /give: Gives the specified player a certain amount of items
2026-05-12 [21:36:48] [Server thread/INFO]: /help: Shows the help menu
2026-05-12 [21:36:48] [Server thread/INFO]: /kick: Removes the specified player from the server
2026-05-12 [21:36:48] [Server thread/INFO]: /kill: Commit suicide or kill other players
2026-05-12 [21:36:48] [Server thread/INFO]: /list: Lists all online players
2026-05-12 [21:36:48] [Server thread/INFO]: /loadplugin: Load a plugin
2026-05-12 [21:36:48] [Server thread/INFO]: /lvdat: Change properties of a map.
2026-05-12 [21:36:48] [Server thread/INFO]: /makeplugin: Creates a Phar plugin from a unarchived
2026-05-12 [21:36:48] [Server thread/INFO]: /me: Performs the specified action in chat
2026-05-12 [21:36:48] [Server thread/INFO]: /mp: Creates a Phar plugin from a unarchived
2026-05-12 [21:36:48] [Server thread/INFO]: /ms: Creates a PocketMine Phar
2026-05-12 [21:36:48] [Server thread/INFO]: /op: Gives the specified player operator status
2026-05-12 [21:36:48] [Server thread/INFO]: /pardon: Allows the specified player to use this server
2026-05-12 [21:36:48] [Server thread/INFO]: /pardon-ip: Allows the specified IP address to use this server
2026-05-12 [21:36:48] [Server thread/INFO]: /pardoncid: Allows the specified CID to use this server
2026-05-12 [21:36:48] [Server thread/INFO]: /particle: Adds particles to a world
2026-05-12 [21:36:48] [Server thread/INFO]: /plugins: Gets a list of plugins running on the server
2026-05-12 [21:36:48] [Server thread/INFO]: /reload: Reloads the server configuration and plugins
2026-05-12 [21:36:48] [Server thread/INFO]: /save-all: Saves the server to disk
2026-05-12 [21:36:48] [Server thread/INFO]: /save-off: Disables server autosaving
2026-05-12 [21:36:48] [Server thread/INFO]: /save-on: Enables server autosaving
2026-05-12 [21:36:48] [Server thread/INFO]: /say: Broadcasts the given message as the sender
2026-05-12 [21:36:48] [Server thread/INFO]: /seed: Shows the world seed
2026-05-12 [21:36:48] [Server thread/INFO]: /setblock: Changes a block to another block
2026-05-12 [21:36:48] [Server thread/INFO]: /setworldspawn: Sets a worlds's spawn point. If no coordinates are specified, the player's coordinates will be used.
2026-05-12 [21:36:48] [Server thread/INFO]: /spawnpoint: Sets a player's spawn point
2026-05-12 [21:36:48] [Server thread/INFO]: /status: Reads back the server's performance.
2026-05-12 [21:36:48] [Server thread/INFO]: /stop: Stops the server
2026-05-12 [21:36:48] [Server thread/INFO]: /summon: Summons a entity at the player's location or a specific location
2026-05-12 [21:36:48] [Server thread/INFO]: /tell: Sends a private message to the given player
2026-05-12 [21:36:48] [Server thread/INFO]: /time: Changes the time on each world
2026-05-12 [21:36:48] [Server thread/INFO]: /timings: Records timings to see performance of the server.
2026-05-12 [21:36:48] [Server thread/INFO]: /tp: Teleports the given player (or yourself) to another player or coordinates
2026-05-12 [21:36:48] [Server thread/INFO]: /version: Gets the version of this server including any plugins in use
2026-05-12 [21:36:48] [Server thread/INFO]: /weather: Set weather for level
2026-05-12 [21:36:48] [Server thread/INFO]: /whitelist: Manages the list of players allowed to use this server
2026-05-12 [21:36:48] [Server thread/INFO]: /xp: Add experience or experience level to the given player
2026-05-12 [21:37:01] [Server thread/INFO]: Unknown command. Try /help for a list of commands
2026-05-12 [21:38:05] [Server thread/INFO]: notKopyo left the game
2026-05-12 [21:38:05] [Server thread/INFO]: notKopyo[/192.168.1.2:19132] logged out due to Server closed
2026-05-12 [21:38:05] [Server thread/INFO]: Unloading level "world"
2026-05-12 [21:38:05] [Server thread/INFO]: Unloading level "nether"
2026-05-12 [21:38:10] [Server thread/INFO]: Stopping other threads
2026-05-12 [21:39:11] [Server thread/INFO]: 

		   PocketMine-iTX Genisys is a fork of PocketMine-MP, made by iTX Technologies LLC.
		   Version: 1.1dev-422
		   Target client Version: v0.14.x alpha
		   Latest source code is available at https://github.com/iTXTech/Genisys
		   Donate link: http://pl.zxda.net/plugins/203.html
		   如果你在免费使用本核心，希望你可以进入上面的链接捐赠给我们，这会成为我们前进的动力。
		

2026-05-12 [21:39:11] [Server thread/INFO]: Loading pocketmine.yml...
2026-05-12 [21:39:11] [Server thread/INFO]: Loading genisys.yml...
2026-05-12 [21:39:11] [Server thread/INFO]: Loading server properties...
2026-05-12 [21:39:11] [Server thread/INFO]: Selected English (eng) as the base language
2026-05-12 [21:39:11] [Server thread/INFO]: Starting Minecraft: PE server version v0.14.x alpha
2026-05-12 [21:39:11] [Server thread/INFO]: Opening server on 0.0.0.0:19132
2026-05-12 [21:39:11] [Server thread/INFO]: This server is running Genisys version 1.1dev-422 "Ikaros" (API 2.0.0)
2026-05-12 [21:39:11] [Server thread/INFO]: Genisys is distributed under the GPL License version 3 and later
2026-05-12 [21:39:11] [Server thread/INFO]: Preparing level "world"
2026-05-12 [21:39:11] [Server thread/INFO]: Preparing level "nether"
2026-05-12 [21:39:11] [Server thread/INFO]: Starting GS4 status listener
2026-05-12 [21:39:11] [Server thread/INFO]: Setting query port to 19132
2026-05-12 [21:39:11] [Server thread/INFO]: Query running on 0.0.0.0:19132
2026-05-12 [21:39:11] [Server thread/INFO]: Default game type: Survival Mode
2026-05-12 [21:39:11] [Server thread/INFO]: Done (0.516s)! For help, type "help" or "?"
2026-05-12 [21:39:14] [Server thread/INFO]: notKopyo[/192.168.1.2:19132] [ClientID: -4673328621409123800] logged in with entity id 1 at (world, 125.6911, 78, 116.8391)
2026-05-12 [21:39:16] [Server thread/INFO]: notKopyo joined the game
2026-05-12 [21:42:05] [Server thread/INFO]: notKopyo left the game
2026-05-12 [21:42:05] [Server thread/INFO]: notKopyo[/192.168.1.2:19132] logged out due to client disconnect
2026-05-12 [21:50:10] [Server thread/INFO]: --- Showing help page 1 of 1 (/help <page>) ---
2026-05-12 [21:50:10] [Server thread/INFO]: /ban: Prevents the specified player from using this server
2026-05-12 [21:50:10] [Server thread/INFO]: /ban-ip: Prevents the specified IP address from using this server
2026-05-12 [21:50:10] [Server thread/INFO]: /bancid: Prevents the specified CID from using this server
2026-05-12 [21:50:10] [Server thread/INFO]: /bancidbyname: Prevents the specified CID by name from using this server禁止指定玩家的設備 ID
2026-05-12 [21:50:10] [Server thread/INFO]: /banipbyname: Prevents the specified IP address by name from using this server
2026-05-12 [21:50:10] [Server thread/INFO]: /banlist: View all players banned from this server
2026-05-12 [21:50:10] [Server thread/INFO]: /biome: change the biome of the area.(To change snow or rain)
2026-05-12 [21:50:10] [Server thread/INFO]: /cave: Generate a cave
2026-05-12 [21:50:10] [Server thread/INFO]: /chunkinfo: Gets the information of a chunk or regenerate a chunk
2026-05-12 [21:50:10] [Server thread/INFO]: /defaultgamemode: Set the default gamemode
2026-05-12 [21:50:10] [Server thread/INFO]: /deop: Takes the specified player's operator status
2026-05-12 [21:50:10] [Server thread/INFO]: /difficulty: Sets the game difficulty
2026-05-12 [21:50:10] [Server thread/INFO]: /dumpmemory: Dumps the memory
2026-05-12 [21:50:10] [Server thread/INFO]: /effect: Adds/Removes effects on players
2026-05-12 [21:50:10] [Server thread/INFO]: /enchant: Adds enchantments on items
2026-05-12 [21:50:10] [Server thread/INFO]: /ep: Extracts the source code from a Phar plugin
2026-05-12 [21:50:10] [Server thread/INFO]: /extractphar: Extracts the source code from a Phar file
2026-05-12 [21:50:10] [Server thread/INFO]: /extractplugin: Extracts the source code from a Phar plugin
2026-05-12 [21:50:10] [Server thread/INFO]: /fill: fills a specific selection with blocks
2026-05-12 [21:50:10] [Server thread/INFO]: /gamemode: Changes the player to a specific game mode
2026-05-12 [21:50:10] [Server thread/INFO]: /gc: Fires garbage collection tasks
2026-05-12 [21:50:10] [Server thread/INFO]: /give: Gives the specified player a certain amount of items
2026-05-12 [21:50:10] [Server thread/INFO]: /help: Shows the help menu
2026-05-12 [21:50:10] [Server thread/INFO]: /kick: Removes the specified player from the server
2026-05-12 [21:50:10] [Server thread/INFO]: /kill: Commit suicide or kill other players
2026-05-12 [21:50:10] [Server thread/INFO]: /list: Lists all online players
2026-05-12 [21:50:10] [Server thread/INFO]: /loadplugin: Load a plugin
2026-05-12 [21:50:10] [Server thread/INFO]: /lvdat: Change properties of a map.
2026-05-12 [21:50:10] [Server thread/INFO]: /makeplugin: Creates a Phar plugin from a unarchived
2026-05-12 [21:50:10] [Server thread/INFO]: /me: Performs the specified action in chat
2026-05-12 [21:50:10] [Server thread/INFO]: /mp: Creates a Phar plugin from a unarchived
2026-05-12 [21:50:10] [Server thread/INFO]: /ms: Creates a PocketMine Phar
2026-05-12 [21:50:10] [Server thread/INFO]: /op: Gives the specified player operator status
2026-05-12 [21:50:10] [Server thread/INFO]: /pardon: Allows the specified player to use this server
2026-05-12 [21:50:10] [Server thread/INFO]: /pardon-ip: Allows the specified IP address to use this server
2026-05-12 [21:50:10] [Server thread/INFO]: /pardoncid: Allows the specified CID to use this server
2026-05-12 [21:50:10] [Server thread/INFO]: /particle: Adds particles to a world
2026-05-12 [21:50:10] [Server thread/INFO]: /ping: Checks your latency to the server
2026-05-12 [21:50:10] [Server thread/INFO]: /plugins: Gets a list of plugins running on the server
2026-05-12 [21:50:10] [Server thread/INFO]: /reload: Reloads the server configuration and plugins
2026-05-12 [21:50:10] [Server thread/INFO]: /save-all: Saves the server to disk
2026-05-12 [21:50:10] [Server thread/INFO]: /save-off: Disables server autosaving
2026-05-12 [21:50:10] [Server thread/INFO]: /save-on: Enables server autosaving
2026-05-12 [21:50:10] [Server thread/INFO]: /say: Broadcasts the given message as the sender
2026-05-12 [21:50:10] [Server thread/INFO]: /seed: Shows the world seed
2026-05-12 [21:50:10] [Server thread/INFO]: /setblock: Changes a block to another block
2026-05-12 [21:50:10] [Server thread/INFO]: /setworldspawn: Sets a worlds's spawn point. If no coordinates are specified, the player's coordinates will be used.
2026-05-12 [21:50:10] [Server thread/INFO]: /spawnpoint: Sets a player's spawn point
2026-05-12 [21:50:10] [Server thread/INFO]: /status: Reads back the server's performance.
2026-05-12 [21:50:10] [Server thread/INFO]: /stop: Stops the server
2026-05-12 [21:50:10] [Server thread/INFO]: /summon: Summons a entity at the player's location or a specific location
2026-05-12 [21:50:10] [Server thread/INFO]: /tell: Sends a private message to the given player
2026-05-12 [21:50:10] [Server thread/INFO]: /time: Changes the time on each world
2026-05-12 [21:50:10] [Server thread/INFO]: /timings: Records timings to see performance of the server.
2026-05-12 [21:50:10] [Server thread/INFO]: /tp: Teleports the given player (or yourself) to another player or coordinates
2026-05-12 [21:50:10] [Server thread/INFO]: /version: Gets the version of this server including any plugins in use
2026-05-12 [21:50:10] [Server thread/INFO]: /weather: Set weather for level
2026-05-12 [21:50:10] [Server thread/INFO]: /whitelist: Manages the list of players allowed to use this server
2026-05-12 [21:50:10] [Server thread/INFO]: /xp: Add experience or experience level to the given player
2026-05-12 [21:50:15] [Server thread/INFO]: Unloading level "world"
2026-05-12 [21:50:15] [Server thread/INFO]: Unloading level "nether"
2026-05-12 [21:50:20] [Server thread/INFO]: Stopping other threads
2026-05-12 [22:05:10] [Server thread/INFO]: 

		   PocketMine-iTX Genisys is a fork of PocketMine-MP, made by iTX Technologies LLC.
		   Version: 1.1dev-422
		   Target client Version: v0.14.x alpha
		   Latest source code is available at https://github.com/iTXTech/Genisys
		   Donate link: http://pl.zxda.net/plugins/203.html
		   如果你在免费使用本核心，希望你可以进入上面的链接捐赠给我们，这会成为我们前进的动力。
		

2026-05-12 [22:05:10] [Server thread/INFO]: Loading pocketmine.yml...
2026-05-12 [22:05:10] [Server thread/INFO]: Loading genisys.yml...
2026-05-12 [22:05:10] [Server thread/INFO]: Loading server properties...
2026-05-12 [22:05:10] [Server thread/INFO]: Selected English (eng) as the base language
2026-05-12 [22:05:10] [Server thread/INFO]: Starting Minecraft: PE server version v0.14.x alpha
2026-05-12 [22:05:10] [Server thread/INFO]: Opening server on 0.0.0.0:19132
2026-05-12 [22:05:10] [Server thread/INFO]: This server is running Genisys version 1.1dev-422 "Ikaros" (API 2.0.0)
2026-05-12 [22:05:10] [Server thread/INFO]: Genisys is distributed under the GPL License version 3 and later
2026-05-12 [22:05:10] [Server thread/INFO]: Preparing level "world"
2026-05-12 [22:05:10] [Server thread/INFO]: Preparing level "nether"
2026-05-12 [22:05:11] [Server thread/INFO]: Starting GS4 status listener
2026-05-12 [22:05:11] [Server thread/INFO]: Setting query port to 19132
2026-05-12 [22:05:11] [Server thread/INFO]: Query running on 0.0.0.0:19132
2026-05-12 [22:05:11] [Server thread/INFO]: Default game type: Survival Mode
2026-05-12 [22:05:11] [Server thread/INFO]: Done (0.469s)! For help, type "help" or "?"
2026-05-12 [22:05:17] [Server thread/INFO]: notKopyo[/192.168.1.2:19132] [ClientID: -4673328621409123800] logged in with entity id 1 at (world, 125.6911, 78, 116.8391)
2026-05-12 [22:05:18] [Server thread/INFO]: notKopyo joined the game
2026-05-12 [22:21:08] [Server thread/INFO]: notKopyo left the game
2026-05-12 [22:21:08] [Server thread/INFO]: notKopyo[/192.168.1.2:19132] logged out due to timeout
2026-05-12 [23:04:43] [Server thread/INFO]: notKopyo[/192.168.1.2:19132] [ClientID: -4673328621409123800] logged in with entity id 3 at (world, 130.8097, 87, 112.15)
2026-05-12 [23:04:45] [Server thread/INFO]: notKopyo joined the game
2026-05-12 [23:14:23] [Server thread/INFO]: [CONSOLE: Set notKopyo's game mode to Creative Mode]
2026-05-12 [23:15:08] [Server thread/INFO]: notKopyo left the game
2026-05-12 [23:15:08] [Server thread/INFO]: notKopyo[/192.168.1.2:19132] logged out due to Server closed
2026-05-12 [23:15:08] [Server thread/INFO]: Unloading level "world"
2026-05-12 [23:15:09] [Server thread/INFO]: Unloading level "nether"
2026-05-12 [23:15:13] [Server thread/INFO]: Stopping other threads
2026-05-12 [23:25:24] [Server thread/INFO]: 

		   PocketMine-iTX Genisys is a fork of PocketMine-MP, made by iTX Technologies LLC.
		   Version: 1.1dev-422
		   Target client Version: v0.14.x alpha
		   Latest source code is available at https://github.com/iTXTech/Genisys
		   Donate link: http://pl.zxda.net/plugins/203.html
		   如果你在免费使用本核心，希望你可以进入上面的链接捐赠给我们，这会成为我们前进的动力。
		

2026-05-12 [23:25:24] [Server thread/INFO]: Loading pocketmine.yml...
2026-05-12 [23:25:24] [Server thread/INFO]: Loading genisys.yml...
2026-05-12 [23:25:24] [Server thread/INFO]: Loading server properties...
2026-05-12 [23:25:24] [Server thread/INFO]: Selected English (eng) as the base language
2026-05-12 [23:25:24] [Server thread/INFO]: Starting Minecraft: PE server version v0.14.x alpha
2026-05-12 [23:25:24] [Server thread/INFO]: Opening server on 0.0.0.0:19132
2026-05-12 [23:25:24] [Server thread/INFO]: This server is running Genisys version 1.1dev-422 "Ikaros" (API 2.0.0)
2026-05-12 [23:25:24] [Server thread/INFO]: Genisys is distributed under the GPL License version 3 and later
2026-05-12 [23:25:24] [Server thread/INFO]: Preparing level "world"
2026-05-12 [23:25:24] [Server thread/INFO]: Preparing level "nether"
2026-05-12 [23:25:24] [Server thread/INFO]: Starting GS4 status listener
2026-05-12 [23:25:24] [Server thread/INFO]: Setting query port to 19132
2026-05-12 [23:25:24] [Server thread/INFO]: Query running on 0.0.0.0:19132
2026-05-12 [23:25:24] [Server thread/CRITICAL]: ParseError: "syntax error, unexpected '$pk' (T_VARIABLE)" (EXCEPTION) in "/src/pocketmine/Player" at line 4659
2026-05-12 [23:25:24] [Server thread/EMERGENCY]: An unrecoverable error has occurred and the server has crashed. Creating a crash dump
2026-05-12 [23:25:24] [Server thread/EMERGENCY]: Please upload the "/home/sky/Downloads/PocketMine-master/crashdumps/CrashDump_Tue_May_12-23.25.24-PHT_2026.log" file to the Crash Archive and submit the link to the Bug Reporting page. Give as much info as you can.
2026-05-12 [23:25:24] [Server thread/INFO]: Unloading level "world"
2026-05-12 [23:25:24] [Server thread/INFO]: Unloading level "nether"
2026-05-12 [23:28:49] [Server thread/INFO]: 

		   PocketMine-iTX Genisys is a fork of PocketMine-MP, made by iTX Technologies LLC.
		   Version: 1.1dev-422
		   Target client Version: v0.14.x alpha
		   Latest source code is available at https://github.com/iTXTech/Genisys
		   Donate link: http://pl.zxda.net/plugins/203.html
		   如果你在免费使用本核心，希望你可以进入上面的链接捐赠给我们，这会成为我们前进的动力。
		

2026-05-12 [23:28:49] [Server thread/INFO]: Loading pocketmine.yml...
2026-05-12 [23:28:49] [Server thread/INFO]: Loading genisys.yml...
2026-05-12 [23:28:49] [Server thread/INFO]: Loading server properties...
2026-05-12 [23:28:49] [Server thread/INFO]: Selected English (eng) as the base language
2026-05-12 [23:28:49] [Server thread/INFO]: Starting Minecraft: PE server version v0.14.x alpha
2026-05-12 [23:28:49] [Server thread/INFO]: Opening server on 0.0.0.0:19132
2026-05-12 [23:28:49] [Server thread/INFO]: This server is running Genisys version 1.1dev-422 "Ikaros" (API 2.0.0)
2026-05-12 [23:28:49] [Server thread/INFO]: Genisys is distributed under the GPL License version 3 and later
2026-05-12 [23:28:50] [Server thread/INFO]: Preparing level "world"
2026-05-12 [23:28:50] [Server thread/INFO]: Preparing level "nether"
2026-05-12 [23:28:50] [Server thread/INFO]: Starting GS4 status listener
2026-05-12 [23:28:50] [Server thread/INFO]: Setting query port to 19132
2026-05-12 [23:28:50] [Server thread/INFO]: Query running on 0.0.0.0:19132
2026-05-12 [23:28:50] [Server thread/INFO]: Default game type: Survival Mode
2026-05-12 [23:28:50] [Server thread/INFO]: Done (0.532s)! For help, type "help" or "?"
2026-05-12 [23:28:52] [Server thread/INFO]: notKopyo[/192.168.1.2:19132] [ClientID: -4673328621409123800] logged in with entity id 5 at (world, 172.4387, 74, 176.704)
2026-05-12 [23:28:54] [Server thread/INFO]: notKopyo joined the game
2026-05-12 [23:30:03] [Server thread/INFO]: notKopyo left the game
2026-05-12 [23:30:03] [Server thread/INFO]: notKopyo[/192.168.1.2:19132] logged out due to Server closed
2026-05-12 [23:30:03] [Server thread/INFO]: Unloading level "world"
2026-05-12 [23:30:03] [Server thread/INFO]: Unloading level "nether"
2026-05-12 [23:30:08] [Server thread/INFO]: Stopping other threads
2026-05-12 [23:40:55] [Server thread/INFO]: 

		   PocketMine Cyan v1.1 - Developed by KopyoLmao.
		   Target client Version: v0.14.x alpha
		

2026-05-12 [23:40:55] [Server thread/INFO]: Loading pocketmine.yml...
2026-05-12 [23:40:55] [Server thread/INFO]: Loading genisys.yml...
2026-05-12 [23:40:55] [Server thread/INFO]: Loading server properties...
2026-05-12 [23:40:55] [Server thread/INFO]: Selected English (eng) as the base language
2026-05-12 [23:40:55] [Server thread/INFO]: Starting Minecraft: PE server version v0.14.x alpha
2026-05-12 [23:40:55] [Server thread/INFO]: Opening server on 0.0.0.0:19132
2026-05-12 [23:40:55] [Server thread/INFO]: This server is running PocketMine Cyan version v1.1 "Cyan" (API 2.0.0)
2026-05-12 [23:40:55] [Server thread/INFO]: Preparing level "world"
2026-05-12 [23:40:55] [Server thread/INFO]: Preparing level "nether"
2026-05-12 [23:40:55] [Server thread/INFO]: Starting GS4 status listener
2026-05-12 [23:40:55] [Server thread/INFO]: Setting query port to 19132
2026-05-12 [23:40:55] [Server thread/INFO]: Query running on 0.0.0.0:19132
2026-05-12 [23:40:55] [Server thread/INFO]: Default game type: Survival Mode
2026-05-12 [23:40:55] [Server thread/INFO]: Done (0.561s)! For help, type "help" or "?"
2026-05-12 [23:41:53] [Server thread/INFO]: Unloading level "world"
2026-05-12 [23:41:53] [Server thread/INFO]: Unloading level "nether"
2026-05-12 [23:41:58] [Server thread/INFO]: Stopping other threads
