Genisys Crash Dump Tue May 12 23:25:24 PHT 2026

Error: syntax error, unexpected '$pk' (T_VARIABLE)
File: /src/pocketmine/Player
Line: 4659
Type: notice

Code:
[4650] 			$batch->encode();
[4651] 			$batch->isEncoded = true;
[4652] 			return $batch;
[4653] 		}
[4654] 		return $pk;
[4655] 	}
[4656] 
[4657] 
[4658] }
[4659] n $pk;
[4660] 	}
[4661] 
[4662] 
[4663] }
[4664] 
[4665] 
[4666] 
[4667] 
[4668] 
[4669] 

Backtrace:
#0 /src/pocketmine/Server(562): spl_autoload_call(string pocketmine\Player)
#1 /src/pocketmine/Server(2553): pocketmine\Server::getGamemodeString(integer 0)
#2 /src/pocketmine/Server(2076): pocketmine\Server->start(boolean)
#3 /src/pocketmine/PocketMine(467): pocketmine\Server->__construct(pocketmine\CompatibleClassLoader object, pocketmine\utils\MainLogger object, string /home/sky/Downloads/PocketMine-master/, string /home/sky/Downloads/PocketMine-master/, string /home/sky/Downloads/PocketMine-master/plugins/, string unknown)

Genisys version: 1.1dev #422 [Protocol 70; API 2.0.0]
uname -a: Linux sky-Inspiron-3537 6.14.0-37-generic #37~24.04.1-Ubuntu SMP PREEMPT_DYNAMIC Thu Nov 20 10:25:38 UTC 2 x86_64
PHP version: 7.0.3
Zend version: 3.0.0
OS : Linux, linux

Loaded plugins:
加载的插件:
